<?xml version="1.0" encoding="UTF-8"?>
<!-- Generated by org.testng.reporters.JUnitXMLReporter -->
<testsuite ignored="0" hostname="mauricio-Latitude-E6430" failures="4" tests="4" name="Login and Update Profile Test" time="29.687" errors="0" timestamp="22 May 2020 15:45:17 GMT">
  <testcase classname="cucumber.api.testng.AbstractTestNGCucumberTests" name="runScenario" time="23.858">
    <failure type="java.lang.RuntimeException" message="Error creating driver: ">
      <![CDATA[java.lang.RuntimeException: Error creating driver: 
at com.crowdar.driver.DriverFactory.createDriver(DriverFactory.java:48)
at com.crowdar.driver.DriverManager.getDriverInstance(DriverManager.java:21)
at com.crowdar.report.ExtentReportManager.takeScreenshot(ExtentReportManager.java:295)
at com.crowdar.report.ExtentReportManager.addCucumberFailStep(ExtentReportManager.java:252)
at com.crowdar.report.ExtentReportManager.createResult(ExtentReportManager.java:188)
at com.crowdar.report.CucumberExtentReport.handleTestStepFinished(CucumberExtentReport.java:54)
at com.crowdar.report.CucumberEventListener$4.receive(CucumberEventListener.java:39)
at com.crowdar.report.CucumberEventListener$4.receive(CucumberEventListener.java:36)
at cucumber.runner.AbstractEventPublisher.send(AbstractEventPublisher.java:45)
at cucumber.runner.AbstractEventBus.send(AbstractEventBus.java:9)
at cucumber.runner.TimeServiceEventBus.send(TimeServiceEventBus.java:3)
at cucumber.runner.ThreadLocalRunnerSupplier$SynchronizedEventBus.send(ThreadLocalRunnerSupplier.java:90)
at cucumber.runner.ThreadLocalRunnerSupplier$LocalEventBus.send(ThreadLocalRunnerSupplier.java:63)
at cucumber.runner.TestStep.run(TestStep.java:57)
at cucumber.runner.PickleStepTestStep.run(PickleStepTestStep.java:43)
at cucumber.runner.TestCase.run(TestCase.java:44)
at cucumber.runner.Runner.runPickle(Runner.java:40)
at cucumber.api.testng.TestNGCucumberRunner.runScenario(TestNGCucumberRunner.java:68)
at cucumber.api.testng.AbstractTestNGCucumberTests.runScenario(AbstractTestNGCucumberTests.java:22)
at java.base/java.util.concurrent.FutureTask.run(FutureTask.java:264)
at java.base/java.util.concurrent.ThreadPoolExecutor.runWorker(ThreadPoolExecutor.java:1128)
at java.base/java.util.concurrent.ThreadPoolExecutor$Worker.run(ThreadPoolExecutor.java:628)
at java.base/java.lang.Thread.run(Thread.java:834)
... Removed 16 stack frames]]>
    </failure>
  </testcase> <!-- runScenario -->
  <testcase classname="cucumber.api.testng.AbstractTestNGCucumberTests" name="runScenario" time="1.572">
    <failure type="java.lang.RuntimeException" message="Error creating driver: ">
      <![CDATA[java.lang.RuntimeException: Error creating driver: 
at com.crowdar.driver.DriverFactory.createDriver(DriverFactory.java:48)
at com.crowdar.driver.DriverManager.getDriverInstance(DriverManager.java:21)
at com.crowdar.report.ExtentReportManager.takeScreenshot(ExtentReportManager.java:295)
at com.crowdar.report.ExtentReportManager.addCucumberFailStep(ExtentReportManager.java:252)
at com.crowdar.report.ExtentReportManager.createResult(ExtentReportManager.java:188)
at com.crowdar.report.CucumberExtentReport.handleTestStepFinished(CucumberExtentReport.java:54)
at com.crowdar.report.CucumberEventListener$4.receive(CucumberEventListener.java:39)
at com.crowdar.report.CucumberEventListener$4.receive(CucumberEventListener.java:36)
at cucumber.runner.AbstractEventPublisher.send(AbstractEventPublisher.java:45)
at cucumber.runner.AbstractEventBus.send(AbstractEventBus.java:9)
at cucumber.runner.TimeServiceEventBus.send(TimeServiceEventBus.java:3)
at cucumber.runner.ThreadLocalRunnerSupplier$SynchronizedEventBus.send(ThreadLocalRunnerSupplier.java:90)
at cucumber.runner.ThreadLocalRunnerSupplier$LocalEventBus.send(ThreadLocalRunnerSupplier.java:63)
at cucumber.runner.TestStep.run(TestStep.java:57)
at cucumber.runner.PickleStepTestStep.run(PickleStepTestStep.java:43)
at cucumber.runner.TestCase.run(TestCase.java:44)
at cucumber.runner.Runner.runPickle(Runner.java:40)
at cucumber.api.testng.TestNGCucumberRunner.runScenario(TestNGCucumberRunner.java:68)
at cucumber.api.testng.AbstractTestNGCucumberTests.runScenario(AbstractTestNGCucumberTests.java:22)
at java.base/java.util.concurrent.FutureTask.run(FutureTask.java:264)
at java.base/java.util.concurrent.ThreadPoolExecutor.runWorker(ThreadPoolExecutor.java:1128)
at java.base/java.util.concurrent.ThreadPoolExecutor$Worker.run(ThreadPoolExecutor.java:628)
at java.base/java.lang.Thread.run(Thread.java:834)
... Removed 16 stack frames]]>
    </failure>
  </testcase> <!-- runScenario -->
  <testcase classname="cucumber.api.testng.AbstractTestNGCucumberTests" name="runScenario" time="1.895">
    <failure type="java.lang.RuntimeException" message="Error creating driver: ">
      <![CDATA[java.lang.RuntimeException: Error creating driver: 
at com.crowdar.driver.DriverFactory.createDriver(DriverFactory.java:48)
at com.crowdar.driver.DriverManager.getDriverInstance(DriverManager.java:21)
at com.crowdar.report.ExtentReportManager.takeScreenshot(ExtentReportManager.java:295)
at com.crowdar.report.ExtentReportManager.addCucumberFailStep(ExtentReportManager.java:252)
at com.crowdar.report.ExtentReportManager.createResult(ExtentReportManager.java:188)
at com.crowdar.report.CucumberExtentReport.handleTestStepFinished(CucumberExtentReport.java:54)
at com.crowdar.report.CucumberEventListener$4.receive(CucumberEventListener.java:39)
at com.crowdar.report.CucumberEventListener$4.receive(CucumberEventListener.java:36)
at cucumber.runner.AbstractEventPublisher.send(AbstractEventPublisher.java:45)
at cucumber.runner.AbstractEventBus.send(AbstractEventBus.java:9)
at cucumber.runner.TimeServiceEventBus.send(TimeServiceEventBus.java:3)
at cucumber.runner.ThreadLocalRunnerSupplier$SynchronizedEventBus.send(ThreadLocalRunnerSupplier.java:90)
at cucumber.runner.ThreadLocalRunnerSupplier$LocalEventBus.send(ThreadLocalRunnerSupplier.java:63)
at cucumber.runner.TestStep.run(TestStep.java:57)
at cucumber.runner.PickleStepTestStep.run(PickleStepTestStep.java:43)
at cucumber.runner.TestCase.run(TestCase.java:44)
at cucumber.runner.Runner.runPickle(Runner.java:40)
at cucumber.api.testng.TestNGCucumberRunner.runScenario(TestNGCucumberRunner.java:68)
at cucumber.api.testng.AbstractTestNGCucumberTests.runScenario(AbstractTestNGCucumberTests.java:22)
at java.base/java.util.concurrent.FutureTask.run(FutureTask.java:264)
at java.base/java.util.concurrent.ThreadPoolExecutor.runWorker(ThreadPoolExecutor.java:1128)
at java.base/java.util.concurrent.ThreadPoolExecutor$Worker.run(ThreadPoolExecutor.java:628)
at java.base/java.lang.Thread.run(Thread.java:834)
... Removed 16 stack frames]]>
    </failure>
  </testcase> <!-- runScenario -->
  <testcase classname="cucumber.api.testng.AbstractTestNGCucumberTests" name="runScenario" time="1.557">
    <failure type="java.lang.RuntimeException" message="Error creating driver: ">
      <![CDATA[java.lang.RuntimeException: Error creating driver: 
at com.crowdar.driver.DriverFactory.createDriver(DriverFactory.java:48)
at com.crowdar.driver.DriverManager.getDriverInstance(DriverManager.java:21)
at com.crowdar.report.ExtentReportManager.takeScreenshot(ExtentReportManager.java:295)
at com.crowdar.report.ExtentReportManager.addCucumberFailStep(ExtentReportManager.java:252)
at com.crowdar.report.ExtentReportManager.createResult(ExtentReportManager.java:188)
at com.crowdar.report.CucumberExtentReport.handleTestStepFinished(CucumberExtentReport.java:54)
at com.crowdar.report.CucumberEventListener$4.receive(CucumberEventListener.java:39)
at com.crowdar.report.CucumberEventListener$4.receive(CucumberEventListener.java:36)
at cucumber.runner.AbstractEventPublisher.send(AbstractEventPublisher.java:45)
at cucumber.runner.AbstractEventBus.send(AbstractEventBus.java:9)
at cucumber.runner.TimeServiceEventBus.send(TimeServiceEventBus.java:3)
at cucumber.runner.ThreadLocalRunnerSupplier$SynchronizedEventBus.send(ThreadLocalRunnerSupplier.java:90)
at cucumber.runner.ThreadLocalRunnerSupplier$LocalEventBus.send(ThreadLocalRunnerSupplier.java:63)
at cucumber.runner.TestStep.run(TestStep.java:57)
at cucumber.runner.PickleStepTestStep.run(PickleStepTestStep.java:43)
at cucumber.runner.TestCase.run(TestCase.java:44)
at cucumber.runner.Runner.runPickle(Runner.java:40)
at cucumber.api.testng.TestNGCucumberRunner.runScenario(TestNGCucumberRunner.java:68)
at cucumber.api.testng.AbstractTestNGCucumberTests.runScenario(AbstractTestNGCucumberTests.java:22)
at java.base/java.util.concurrent.FutureTask.run(FutureTask.java:264)
at java.base/java.util.concurrent.ThreadPoolExecutor.runWorker(ThreadPoolExecutor.java:1128)
at java.base/java.util.concurrent.ThreadPoolExecutor$Worker.run(ThreadPoolExecutor.java:628)
at java.base/java.lang.Thread.run(Thread.java:834)
... Removed 16 stack frames]]>
    </failure>
  </testcase> <!-- runScenario -->
</testsuite> <!-- Login and Update Profile Test -->
